2025-07-17 02:51:06,387 - INFO - === 开始MemeCLIP训练 ===
2025-07-17 02:51:06,387 - INFO - 训练配置: 批次大小=16, 学习率=0.0001, 最大轮数=10
2025-07-17 02:51:06,464 - INFO - 训练样本数量: 7199
2025-07-17 02:51:06,464 - INFO - 验证样本数量: 501
2025-07-17 02:51:06,464 - INFO - 测试样本数量: 2401
2025-07-17 02:51:34,063 - INFO - 开始训练模型...
2025-07-17 04:20:16,676 - INFO - 训练完成！总耗时: 1.48 小时
2025-07-17 04:20:16,676 - INFO - 加载最佳模型进行测试...
2025-07-17 04:20:24,178 - INFO - 开始测试模型...
2025-07-17 04:22:22,259 - INFO - 测试完成！
2025-07-17 04:22:22,259 - INFO - === 训练流程全部完成 ===
2025-07-17 10:55:26,948 - INFO - === 开始MemeCLIP训练 ===
2025-07-17 10:55:26,949 - INFO - 训练配置: 批次大小=16, 学习率=0.0001, 最大轮数=3
2025-07-17 10:55:27,020 - INFO - 训练样本数量: 7199
2025-07-17 10:55:27,020 - INFO - 验证样本数量: 501
2025-07-17 10:55:27,020 - INFO - 测试样本数量: 2401
2025-07-17 10:55:54,606 - INFO - 开始训练模型...
2025-07-17 11:22:55,054 - INFO - 训练完成！总耗时: 0.45 小时
2025-07-17 11:22:55,055 - INFO - 加载最佳模型进行测试...
2025-07-17 11:23:02,456 - INFO - 开始测试模型...
2025-07-17 11:25:02,241 - INFO - 测试完成！
2025-07-17 11:25:02,241 - INFO - === 训练流程全部完成 ===
2025-07-19 20:16:15,824 - INFO - === 开始MemeCLIP训练 ===
2025-07-19 20:16:15,824 - INFO - 训练配置: 批次大小=128, 学习率=0.0002, 最大轮数=5
2025-07-19 20:16:15,893 - INFO - 训练样本数量: 7199
2025-07-19 20:16:15,893 - INFO - 验证样本数量: 501
2025-07-19 20:16:15,893 - INFO - 测试样本数量: 2401
2025-07-19 20:16:43,276 - INFO - 开始训练模型...
2025-07-19 20:18:55,445 - INFO - === 开始MemeCLIP训练 ===
2025-07-19 20:18:55,445 - INFO - 训练配置: 批次大小=256, 学习率=0.0001, 最大轮数=5
2025-07-19 20:18:55,517 - INFO - 训练样本数量: 7199
2025-07-19 20:18:55,518 - INFO - 验证样本数量: 501
2025-07-19 20:18:55,518 - INFO - 测试样本数量: 2401
2025-07-19 20:19:22,072 - INFO - 开始训练模型...
2025-07-19 21:03:23,589 - INFO - 训练完成！总耗时: 0.73 小时
2025-07-19 21:03:23,589 - INFO - 加载最佳模型进行测试...
2025-07-19 21:03:30,999 - INFO - 开始测试模型...
2025-07-19 21:05:27,984 - INFO - 测试完成！
2025-07-19 21:05:27,984 - INFO - === 训练流程全部完成 ===
